<?xml version="1.0" encoding="UTF-8"?>
<!-- Generated by org.testng.reporters.JUnitReportReporter -->
<testsuite hostname="LAPTOP-FikileM" failures="0" tests="2" name="TestScript.ExecuteTests" time="0.069" errors="0" timestamp="2021-11-24T20:25:43 SAST" skipped="0">
  <testcase classname="TestScript.ExecuteTests" name="loginPage" time="0.010"/>
  <system-out/>
  <testcase classname="TestScript.ExecuteTests" name="VerifyLandingPage" time="0.059"/>
  <system-out/>
</testsuite> <!-- TestScript.ExecuteTests -->
