<?xml version="1.0" encoding="UTF-8"?>
<!-- Generated by org.testng.reporters.JUnitReportReporter -->
<testsuite hostname="LAPTOP-FikileM" failures="0" tests="5" name="TestScript.ExecuteTests" time="0.104" errors="0" timestamp="2021-11-24T22:47:42 SAST" skipped="0">
  <testcase classname="TestScript.ExecuteTests" name="VerifyLandingPage" time="0.003"/>
  <system-out/>
  <testcase classname="TestScript.ExecuteTests" name="ProductsPage" time="0.004"/>
  <system-out/>
  <testcase classname="TestScript.ExecuteTests" name="VerifyProductTitlePage" time="0.039"/>
  <system-out/>
  <testcase classname="TestScript.ExecuteTests" name="CheckoutPage" time="0.054"/>
  <system-out/>
  <testcase classname="TestScript.ExecuteTests" name="loginPage" time="0.004"/>
  <system-out/>
</testsuite> <!-- TestScript.ExecuteTests -->
